Using pre-set license
Built from '2021.2/staging' branch; Version is '2021.2.7f1 (6bd9e232123f) revision 7068130'; Using compiler version '192829333'; Build Type 'Release'
OS: 'Windows 11  (10.0.22000) 64bit Core' Language: 'en' Physical Memory: 16309 MB
BatchMode: 1, IsHumanControllingUs: 0, StartBugReporterOnCrash: 0, Is64bit: 1, IsPro: 0

COMMAND LINE ARGUMENTS:
C:\Program Files\Unity\Hub\Editor\2021.2.7f1\Editor\Unity.exe
-adb2
-batchMode
-noUpm
-name
AssetImportWorker2
-projectPath
C:/Users/colli/Documents/Repos/Spring2022/Tabletop
-logFile
Logs/AssetImportWorker2.log
-srvPort
54960
Successfully changed project path to: C:/Users/colli/Documents/Repos/Spring2022/Tabletop
C:/Users/colli/Documents/Repos/Spring2022/Tabletop
[UnityMemory] Configuration Parameters - Can be set up in boot.config
    "memorysetup-bucket-allocator-granularity=16"
    "memorysetup-bucket-allocator-bucket-count=8"
    "memorysetup-bucket-allocator-block-size=33554432"
    "memorysetup-bucket-allocator-block-count=8"
    "memorysetup-main-allocator-block-size=16777216"
    "memorysetup-thread-allocator-block-size=16777216"
    "memorysetup-gfx-main-allocator-block-size=16777216"
    "memorysetup-gfx-thread-allocator-block-size=16777216"
    "memorysetup-cache-allocator-block-size=4194304"
    "memorysetup-typetree-allocator-block-size=2097152"
    "memorysetup-profiler-bucket-allocator-granularity=16"
    "memorysetup-profiler-bucket-allocator-bucket-count=8"
    "memorysetup-profiler-bucket-allocator-block-size=33554432"
    "memorysetup-profiler-bucket-allocator-block-count=8"
    "memorysetup-profiler-allocator-block-size=16777216"
    "memorysetup-profiler-editor-allocator-block-size=1048576"
    "memorysetup-temp-allocator-size-main=16777216"
    "memorysetup-job-temp-allocator-block-size=2097152"
    "memorysetup-job-temp-allocator-block-size-background=1048576"
    "memorysetup-job-temp-allocator-reduction-small-platforms=262144"
    "memorysetup-temp-allocator-size-background-worker=32768"
    "memorysetup-temp-allocator-size-job-worker=262144"
    "memorysetup-temp-allocator-size-preload-manager=33554432"
    "memorysetup-temp-allocator-size-nav-mesh-worker=65536"
    "memorysetup-temp-allocator-size-audio-worker=65536"
    "memorysetup-temp-allocator-size-cloud-worker=32768"
    "memorysetup-temp-allocator-size-gi-baking-worker=262144"
    "memorysetup-temp-allocator-size-gfx=262144"
Refreshing native plugins compatible for Editor in 122.38 ms, found 4 plugins.
Preloading 0 native plugins for Editor in 0.00 ms.
Initialize engine version: 2021.2.7f1 (6bd9e232123f)
[Subsystems] Discovering subsystems at path C:/Program Files/Unity/Hub/Editor/2021.2.7f1/Editor/Data/Resources/UnitySubsystems
[Subsystems] Discovering subsystems at path C:/Users/colli/Documents/Repos/Spring2022/Tabletop/Assets
GfxDevice: creating device client; threaded=0; jobified=0
Direct3D:
    Version:  Direct3D 11.0 [level 11.1]
    Renderer: NVIDIA GeForce RTX 3060 Ti (ID=0x2486)
    Vendor:   NVIDIA
    VRAM:     8050 MB
    Driver:   30.0.14.9729
Initialize mono
Mono path[0] = 'C:/Program Files/Unity/Hub/Editor/2021.2.7f1/Editor/Data/Managed'
Mono path[1] = 'C:/Program Files/Unity/Hub/Editor/2021.2.7f1/Editor/Data/MonoBleedingEdge/lib/mono/unityjit-win32'
Mono config path = 'C:/Program Files/Unity/Hub/Editor/2021.2.7f1/Editor/Data/MonoBleedingEdge/etc'
Using monoOptions --debugger-agent=transport=dt_socket,embedding=1,server=y,suspend=n,address=127.0.0.1:56352
Begin MonoManager ReloadAssembly
Registering precompiled unity dll's ...
Register platform support module: C:/Program Files/Unity/Hub/Editor/2021.2.7f1/Editor/Data/PlaybackEngines/WebGLSupport/UnityEditor.WebGL.Extensions.dll
Register platform support module: C:/Program Files/Unity/Hub/Editor/2021.2.7f1/Editor/Data/PlaybackEngines/WindowsStandaloneSupport/UnityEditor.WindowsStandalone.Extensions.dll
Registered in 0.004847 seconds.
Native extension for WindowsStandalone target not found
Native extension for WebGL target not found
Refreshing native plugins compatible for Editor in 137.21 ms, found 4 plugins.
Preloading 0 native plugins for Editor in 0.00 ms.
Mono: successfully reloaded assembly
- Completed reload, in  0.591 seconds
Domain Reload Profiling:
	ReloadAssembly (591ms)
		BeginReloadAssembly (57ms)
			ExecutionOrderSort (0ms)
			DisableScriptedObjects (0ms)
			BackupInstance (0ms)
			ReleaseScriptingObjects (0ms)
			CreateAndSetChildDomain (1ms)
		EndReloadAssembly (467ms)
			LoadAssemblies (55ms)
			RebuildTransferFunctionScriptingTraits (0ms)
			SetupTypeCache (91ms)
			ReleaseScriptCaches (0ms)
			RebuildScriptCaches (23ms)
			SetupLoadedEditorAssemblies (308ms)
				LogAssemblyErrors (0ms)
				InitializePlatformSupportModulesInManaged (13ms)
				SetLoadedEditorAssemblies (0ms)
				RefreshPlugins (137ms)
				BeforeProcessingInitializeOnLoad (1ms)
				ProcessInitializeOnLoadAttributes (119ms)
				ProcessInitializeOnLoadMethodAttributes (37ms)
				AfterProcessingInitializeOnLoad (0ms)
				EditorAssembliesLoaded (0ms)
			ExecutionOrderSort2 (0ms)
			AwakeInstancesAfterBackupRestoration (0ms)
Platform modules already initialized, skipping
Registering precompiled user dll's ...
Registered in 0.009225 seconds.
Begin MonoManager ReloadAssembly
Symbol file LoadedFromMemory doesn't match image C:\Users\colli\Documents\Repos\Spring2022\Tabletop\Library\PackageCache\com.unity.visualscripting@1.7.6\Editor\VisualScripting.Core\Dependencies\YamlDotNet\Unity.VisualScripting.YamlDotNet.dll
Symbol file LoadedFromMemory doesn't match image C:\Users\colli\Documents\Repos\Spring2022\Tabletop\Library\PackageCache\com.unity.visualscripting@1.7.6\Editor\VisualScripting.Core\Dependencies\DotNetZip\Unity.VisualScripting.IonicZip.dll
Native extension for WindowsStandalone target not found
Native extension for WebGL target not found
Refreshing native plugins compatible for Editor in 120.04 ms, found 4 plugins.
Preloading 0 native plugins for Editor in 0.00 ms.
Mono: successfully reloaded assembly
- Completed reload, in  1.658 seconds
Domain Reload Profiling:
	ReloadAssembly (1658ms)
		BeginReloadAssembly (98ms)
			ExecutionOrderSort (0ms)
			DisableScriptedObjects (5ms)
			BackupInstance (0ms)
			ReleaseScriptingObjects (0ms)
			CreateAndSetChildDomain (18ms)
		EndReloadAssembly (1466ms)
			LoadAssemblies (82ms)
			RebuildTransferFunctionScriptingTraits (0ms)
			SetupTypeCache (259ms)
			ReleaseScriptCaches (1ms)
			RebuildScriptCaches (65ms)
			SetupLoadedEditorAssemblies (1022ms)
				LogAssemblyErrors (0ms)
				InitializePlatformSupportModulesInManaged (10ms)
				SetLoadedEditorAssemblies (0ms)
				RefreshPlugins (120ms)
				BeforeProcessingInitializeOnLoad (118ms)
				ProcessInitializeOnLoadAttributes (687ms)
				ProcessInitializeOnLoadMethodAttributes (81ms)
				AfterProcessingInitializeOnLoad (6ms)
				EditorAssembliesLoaded (0ms)
			ExecutionOrderSort2 (0ms)
			AwakeInstancesAfterBackupRestoration (6ms)
Platform modules already initialized, skipping
========================================================================
Worker process is ready to serve import requests
Launched and connected shader compiler UnityShaderCompiler.exe after 0.05 seconds
Refreshing native plugins compatible for Editor in 1.23 ms, found 4 plugins.
Preloading 0 native plugins for Editor in 0.00 ms.
Unloading 6102 Unused Serialized files (Serialized files now loaded: 0)
Unloading 68 unused Assets / (1.2 MB). Loaded Objects now: 6531.
Memory consumption went from 235.8 MB to 234.6 MB.
Total: 4.632200 ms (FindLiveObjects: 0.616700 ms CreateObjectMapping: 0.189300 ms MarkObjects: 3.306800 ms  DeleteObjects: 0.518500 ms)

AssetImportParameters requested are different than current active one (requested -> active):
  custom:video-decoder-ogg-theora: a1e56fd34408186e4bbccfd4996cb3dc -> 
  custom:container-muxer-webm: aa71ff27fc2769a1b78a27578f13a17b -> 
  custom:container-demuxer-webm: 4f35f7cbe854078d1ac9338744f61a02 -> 
  custom:video-encoder-webm-vp8: eb34c28f22e8b96e1ab97ce403110664 -> 
  custom:video-codec-MediaFoundation-h265: 746d11721c4dcdbdad8f713fa42b33f4 -> 
  custom:audio-encoder-webm-vorbis: bf7c407c2cedff20999df2af8eb42d56 -> 
  custom:framework-win-MediaFoundation: 216162199b28c13a410421893ffa2e32 -> 
  custom:container-demuxer-ogg: 62fdf1f143b41e24485cea50d1cbac27 -> 
  custom:video-decoder-webm-vp8: 9c59270c3fd7afecdb556c50c9e8de78 -> 
  custom:audio-decoder-ogg-vorbis: bf7c407c2cedff20999df2af8eb42d56 -> 
========================================================================
Received Import Request.
  Time since last request: 160363.965674 seconds.
  path: Assets/Plugins/Mirror/Examples/AdditiveLevels/Textures/Back_Tex.jpeg
  artifactKey: Guid(1566af6e663684dbd85aa5fb32fd9148) Importer(815301076,1909f56bfc062723c751e8b465ee728b)
Start importing Assets/Plugins/Mirror/Examples/AdditiveLevels/Textures/Back_Tex.jpeg using Guid(1566af6e663684dbd85aa5fb32fd9148) Importer(815301076,1909f56bfc062723c751e8b465ee728b)  -> (artifact id: 'ba3d8fdec213dabb2d6b152088b7ee24') in 0.090671 seconds 
========================================================================
Received Import Request.
  Time since last request: 1.582301 seconds.
  path: Assets/Plugins/Mirror/Examples/AdditiveLevels/Textures/Down_Tex.jpeg
  artifactKey: Guid(9ffeeee1accdc4b4faf2b3e27b226340) Importer(815301076,1909f56bfc062723c751e8b465ee728b)
Start importing Assets/Plugins/Mirror/Examples/AdditiveLevels/Textures/Down_Tex.jpeg using Guid(9ffeeee1accdc4b4faf2b3e27b226340) Importer(815301076,1909f56bfc062723c751e8b465ee728b)  -> (artifact id: '2ddddb32097b2805c4ea81dfe3574ae7') in 0.023031 seconds 
========================================================================
Received Import Request.
  Time since last request: 0.147003 seconds.
  path: Assets/Plugins/Mirror/Examples/Tanks/Models/(Public Domain) Recon_Tank/Emissive.png
  artifactKey: Guid(9b3e91ab0048a4aa3a17706a349c6bf5) Importer(815301076,1909f56bfc062723c751e8b465ee728b)
Start importing Assets/Plugins/Mirror/Examples/Tanks/Models/(Public Domain) Recon_Tank/Emissive.png using Guid(9b3e91ab0048a4aa3a17706a349c6bf5) Importer(815301076,1909f56bfc062723c751e8b465ee728b)  -> (artifact id: 'b29a9e11ec9d58a0e6e3c1296395a2c5') in 0.022763 seconds 
========================================================================
Received Import Request.
  Time since last request: 0.040989 seconds.
  path: Assets/Plugins/Mirror/Examples/AdditiveLevels/Textures/Front_Tex.jpeg
  artifactKey: Guid(ca928ef0e269448ba82388eb41d48544) Importer(815301076,1909f56bfc062723c751e8b465ee728b)
Start importing Assets/Plugins/Mirror/Examples/AdditiveLevels/Textures/Front_Tex.jpeg using Guid(ca928ef0e269448ba82388eb41d48544) Importer(815301076,1909f56bfc062723c751e8b465ee728b)  -> (artifact id: 'ef768e366be0ee77fc6d3733d030e545') in 0.022028 seconds 
========================================================================
Received Import Request.
  Time since last request: 0.304048 seconds.
  path: Assets/Plugins/Mirror/Examples/AdditiveLevels/Textures/Left_Tex.jpeg
  artifactKey: Guid(e5a0eeef6a2514a78b267405d686fe09) Importer(815301076,1909f56bfc062723c751e8b465ee728b)
Start importing Assets/Plugins/Mirror/Examples/AdditiveLevels/Textures/Left_Tex.jpeg using Guid(e5a0eeef6a2514a78b267405d686fe09) Importer(815301076,1909f56bfc062723c751e8b465ee728b)  -> (artifact id: 'e19e8aea0d674b9f34ad710c1e36f65a') in 0.023551 seconds 
========================================================================
Received Import Request.
  Time since last request: 0.030324 seconds.
  path: Assets/Plugins/TextMesh Pro/Resources/Fonts & Materials/LiberationSans SDF.asset
  artifactKey: Guid(8f586378b4e144a9851e7b34d9b748ee) Importer(815301076,1909f56bfc062723c751e8b465ee728b)
Start importing Assets/Plugins/TextMesh Pro/Resources/Fonts & Materials/LiberationSans SDF.asset using Guid(8f586378b4e144a9851e7b34d9b748ee) Importer(815301076,1909f56bfc062723c751e8b465ee728b)  -> (artifact id: '454cf8da050171e3eb7a7061c8750576') in 0.198368 seconds 
========================================================================
Received Import Request.
  Time since last request: 1.810572 seconds.
  path: Assets/Plugins/Mirror/Examples/Tanks/Models/(Public Domain) Recon_Tank/Metallic.png
  artifactKey: Guid(a7467e18a834e4d1390091c8b1ea562c) Importer(815301076,1909f56bfc062723c751e8b465ee728b)
Start importing Assets/Plugins/Mirror/Examples/Tanks/Models/(Public Domain) Recon_Tank/Metallic.png using Guid(a7467e18a834e4d1390091c8b1ea562c) Importer(815301076,1909f56bfc062723c751e8b465ee728b)  -> (artifact id: 'e1e874a88a466871621c029df1a7e31f') in 0.022192 seconds 
========================================================================
Received Import Request.
  Time since last request: 0.059133 seconds.
  path: Assets/Plugins/Mirror/Examples/Tanks/Models/(Public Domain) Recon_Tank/Normal.png
  artifactKey: Guid(2617bfecca4d44805a3a51a7aa215d7c) Importer(815301076,1909f56bfc062723c751e8b465ee728b)
Start importing Assets/Plugins/Mirror/Examples/Tanks/Models/(Public Domain) Recon_Tank/Normal.png using Guid(2617bfecca4d44805a3a51a7aa215d7c) Importer(815301076,1909f56bfc062723c751e8b465ee728b)  -> (artifact id: '4edb508a7d66987e51a499963cd58e37') in 0.026481 seconds 
========================================================================
Received Import Request.
  Time since last request: 0.500182 seconds.
  path: Assets/Plugins/Mirror/Examples/AdditiveLevels/Scenes/Online/ReflectionProbe-0.exr
  artifactKey: Guid(433b69cd38057f84bb82796761c1be49) Importer(815301076,1909f56bfc062723c751e8b465ee728b)
Start importing Assets/Plugins/Mirror/Examples/AdditiveLevels/Scenes/Online/ReflectionProbe-0.exr using Guid(433b69cd38057f84bb82796761c1be49) Importer(815301076,1909f56bfc062723c751e8b465ee728b)  -> (artifact id: 'd352356bcbe185efb763fbe2539be12c') in 0.130919 seconds 
========================================================================
Received Import Request.
  Time since last request: 0.324911 seconds.
  path: Assets/Plugins/Mirror/Examples/Room/Materials/Textures/Wall01.tga
  artifactKey: Guid(0ce4715b95ec59e4ca799c740a5e144a) Importer(815301076,1909f56bfc062723c751e8b465ee728b)
Start importing Assets/Plugins/Mirror/Examples/Room/Materials/Textures/Wall01.tga using Guid(0ce4715b95ec59e4ca799c740a5e144a) Importer(815301076,1909f56bfc062723c751e8b465ee728b)  -> (artifact id: 'ff7a7a3450fcace10ac66cc2a83b2b6e') in 0.028330 seconds 
========================================================================
Received Import Request.
  Time since last request: 107.063260 seconds.
  path: Assets/Card.prefab
  artifactKey: Guid(695663f295d01c34d9ceb0a4445c789e) Importer(815301076,1909f56bfc062723c751e8b465ee728b)
Start importing Assets/Card.prefab using Guid(695663f295d01c34d9ceb0a4445c789e) Importer(815301076,1909f56bfc062723c751e8b465ee728b)  -> (artifact id: 'bef4439594d1c5fc2f7c3f582ebf4cf4') in 0.028782 seconds 
========================================================================
Received Import Request.
  Time since last request: 12.315576 seconds.
  path: Assets/CardInfo.cs
  artifactKey: Guid(ef0aa17416cfd45489f66a4e92194f9a) Importer(815301076,1909f56bfc062723c751e8b465ee728b)
Start importing Assets/CardInfo.cs using Guid(ef0aa17416cfd45489f66a4e92194f9a) Importer(815301076,1909f56bfc062723c751e8b465ee728b)  -> (artifact id: 'bebb7e217dad7810d0e62c61301c348c') in 0.012395 seconds 
========================================================================
Received Prepare
Registering precompiled user dll's ...
Registered in 0.011468 seconds.
Begin MonoManager ReloadAssembly
Symbol file LoadedFromMemory doesn't match image C:\Users\colli\Documents\Repos\Spring2022\Tabletop\Library\PackageCache\com.unity.visualscripting@1.7.6\Editor\VisualScripting.Core\Dependencies\YamlDotNet\Unity.VisualScripting.YamlDotNet.dll
Symbol file LoadedFromMemory doesn't match image C:\Users\colli\Documents\Repos\Spring2022\Tabletop\Library\PackageCache\com.unity.visualscripting@1.7.6\Editor\VisualScripting.Core\Dependencies\DotNetZip\Unity.VisualScripting.IonicZip.dll
Native extension for WindowsStandalone target not found
Native extension for WebGL target not found
Refreshing native plugins compatible for Editor in 1.38 ms, found 4 plugins.
Preloading 0 native plugins for Editor in 0.00 ms.
Mono: successfully reloaded assembly
- Completed reload, in  1.481 seconds
Domain Reload Profiling:
	ReloadAssembly (1482ms)
		BeginReloadAssembly (329ms)
			ExecutionOrderSort (0ms)
			DisableScriptedObjects (40ms)
			BackupInstance (0ms)
			ReleaseScriptingObjects (0ms)
			CreateAndSetChildDomain (164ms)
		EndReloadAssembly (1060ms)
			LoadAssemblies (99ms)
			RebuildTransferFunctionScriptingTraits (0ms)
			SetupTypeCache (277ms)
			ReleaseScriptCaches (3ms)
			RebuildScriptCaches (50ms)
			SetupLoadedEditorAssemblies (497ms)
				LogAssemblyErrors (0ms)
				InitializePlatformSupportModulesInManaged (12ms)
				SetLoadedEditorAssemblies (1ms)
				RefreshPlugins (2ms)
				BeforeProcessingInitializeOnLoad (92ms)
				ProcessInitializeOnLoadAttributes (307ms)
				ProcessInitializeOnLoadMethodAttributes (77ms)
				AfterProcessingInitializeOnLoad (6ms)
				EditorAssembliesLoaded (0ms)
			ExecutionOrderSort2 (0ms)
			AwakeInstancesAfterBackupRestoration (21ms)
Platform modules already initialized, skipping
Refreshing native plugins compatible for Editor in 1.06 ms, found 4 plugins.
Preloading 0 native plugins for Editor in 0.00 ms.
Unloading 5992 Unused Serialized files (Serialized files now loaded: 0)
Unloading 53 unused Assets / (0.8 MB). Loaded Objects now: 6772.
Memory consumption went from 247.4 MB to 246.6 MB.
Total: 5.311700 ms (FindLiveObjects: 0.652900 ms CreateObjectMapping: 0.196500 ms MarkObjects: 4.053100 ms  DeleteObjects: 0.408100 ms)

AssetImportParameters requested are different than current active one (requested -> active):
  custom:video-decoder-ogg-theora: a1e56fd34408186e4bbccfd4996cb3dc -> 
  custom:container-muxer-webm: aa71ff27fc2769a1b78a27578f13a17b -> 
  custom:container-demuxer-webm: 4f35f7cbe854078d1ac9338744f61a02 -> 
  custom:video-encoder-webm-vp8: eb34c28f22e8b96e1ab97ce403110664 -> 
  custom:video-codec-MediaFoundation-h265: 746d11721c4dcdbdad8f713fa42b33f4 -> 
  custom:audio-encoder-webm-vorbis: bf7c407c2cedff20999df2af8eb42d56 -> 
  custom:framework-win-MediaFoundation: 216162199b28c13a410421893ffa2e32 -> 
  custom:container-demuxer-ogg: 62fdf1f143b41e24485cea50d1cbac27 -> 
  custom:video-decoder-webm-vp8: 9c59270c3fd7afecdb556c50c9e8de78 -> 
  custom:audio-decoder-ogg-vorbis: bf7c407c2cedff20999df2af8eb42d56 -> 
========================================================================
Received Import Request.
  Time since last request: 21005.288475 seconds.
  path: Assets/Scripts/GameManager.cs
  artifactKey: Guid(c1b3153ba9c5be74292e9fc4c36d05de) Importer(815301076,1909f56bfc062723c751e8b465ee728b)
Start importing Assets/Scripts/GameManager.cs using Guid(c1b3153ba9c5be74292e9fc4c36d05de) Importer(815301076,1909f56bfc062723c751e8b465ee728b)  -> (artifact id: '67d6f63b1ee67d9094736b8ca4026cea') in 0.016598 seconds 
========================================================================
Received Prepare
Registering precompiled user dll's ...
Registered in 0.012184 seconds.
Begin MonoManager ReloadAssembly

=================================================================
	Native Crash Reporting
=================================================================
Got a UNKNOWN while executing native code. This usually indicates
a fatal error in the mono runtime or one of the native libraries 
used by your application.
=================================================================

=================================================================
	Managed Stacktrace:
=================================================================
	  at <unknown> <0xffffffff>
	  at UnityEngine.Object:DestroyImmediate <0x00094>
	  at UnityEngine.Object:DestroyImmediate <0x00022>
	  at UnityEditor.PreviewRenderUtility:Cleanup <0x000ba>
	  at UnityEditor.Texture3DPreview:OnDisable <0x0004a>
	  at System.Object:runtime_invoke_void__this__ <0x00087>
=================================================================
Received signal SIGSEGV
Obtained 31 stack frames
0x00007ff7b3d0fab3 (Unity) Object_CUSTOM_DestroyImmediate
0x000001b637739a55 (Mono JIT Code) (wrapper managed-to-native) UnityEngine.Object:DestroyImmediate (UnityEngine.Object,bool)
0x000001b637739993 (Mono JIT Code) UnityEngine.Object:DestroyImmediate (UnityEngine.Object)
0x000001b63773957b (Mono JIT Code) UnityEditor.PreviewRenderUtility:Cleanup ()
0x000001b63773948b (Mono JIT Code) UnityEditor.Texture3DPreview:OnDisable ()
0x000001b6432197c8 (Mono JIT Code) (wrapper runtime-invoke) object:runtime_invoke_void__this__ (object,intptr,intptr,intptr)
0x00007ff88f45e034 (mono-2.0-bdwgc) [mini-runtime.c:3445] mono_jit_runtime_invoke 
0x00007ff88f39e724 (mono-2.0-bdwgc) [object.c:3064] do_runtime_invoke 
0x00007ff88f39e8bc (mono-2.0-bdwgc) [object.c:3111] mono_runtime_invoke 
0x00007ff7b4b04474 (Unity) scripting_method_invoke
0x00007ff7b4aff094 (Unity) ScriptingInvocation::Invoke
0x00007ff7b4aff17e (Unity) ScriptingInvocation::InvokeChecked
0x00007ff7b4b78396 (Unity) SerializableManagedRef::CallMethod
0x00007ff7b4adde16 (Unity) MonoBehaviour::WillUnloadScriptableObject
0x00007ff7b4ad5f0d (Unity) MonoManager::RemoveBehavioursFromManager
0x00007ff7b4acbf85 (Unity) MonoManager::BeginReloadAssembly
0x00007ff7b4ad5c07 (Unity) MonoManager::ReloadAssembly
0x00007ff7b59ebf22 (Unity) LoadDomainAndUserAssemblies
0x00007ff7b59ec654 (Unity) LoadUserAssemblies
0x00007ff7b5e7ba58 (Unity) <lambda_c8aac203af85da22e031a8e6d38250eb>::operator()
0x00007ff7b5f10412 (Unity) asio::detail::completion_handler<core::mutable_function<void __cdecl(void)> >::do_complete
0x00007ff7b5f1269d (Unity) asio::detail::win_iocp_io_service::do_one
0x00007ff7b5f15abe (Unity) asio::io_service::run
0x00007ff7b5f0e8b1 (Unity) IOService::Run
0x00007ff7b5ea7fa8 (Unity) RunAssetImportWorkerClientV2
0x00007ff7b5ea807b (Unity) RunAssetImporterV2
0x00007ff7b56ef690 (Unity) Application::InitializeProject
0x00007ff7b5b3a7d8 (Unity) WinMain
0x00007ff7b6e4aaa2 (Unity) __scrt_common_main_seh
0x00007ff8f0c054e0 (KERNEL32) BaseThreadInitThunk
0x00007ff8f1dc485b (ntdll) RtlUserThreadStart

